# JRE version: OpenJDK Runtime Environment Homebrew (11.0.12) (build 11.0.12+0)
# Java VM: OpenJDK 64-Bit Server VM Homebrew (11.0.12+0, mixed mode, tiered, compressed oops, g1 gc, bsd-aarch64)
Heap:
 garbage-first heap   total 262144K, used 103623K [0x00000007a0000000, 0x00000007c0000000)
  region size 1024K, 55 young (56320K), 14 survivors (14336K)
 Metaspace       used 113263K, capacity 116471K, committed 116624K, reserved 1150976K
  class space    used 13746K, capacity 15051K, committed 15168K, reserved 1048576K
GC Heap History (20 events):
Event: 5.624 GC heap before
{Heap before GC invocations=17 (full 0):
 garbage-first heap   total 262144K, used 174632K [0x00000007a0000000, 0x00000007c0000000)
  region size 1024K, 153 young (156672K), 13 survivors (13312K)
 Metaspace       used 73561K, capacity 76003K, committed 76144K, reserved 1116160K
  class space    used 9032K, capacity 10065K, committed 10176K, reserved 1048576K
}
Event: 5.629 GC heap after
{Heap after GC invocations=18 (full 0):
 garbage-first heap   total 262144K, used 32976K [0x00000007a0000000, 0x00000007c0000000)
  region size 1024K, 11 young (11264K), 11 survivors (11264K)
 Metaspace       used 73561K, capacity 76003K, committed 76144K, reserved 1116160K
  class space    used 9032K, capacity 10065K, committed 10176K, reserved 1048576K
}
Event: 6.095 GC heap before
{Heap before GC invocations=18 (full 0):
 garbage-first heap   total 262144K, used 179408K [0x00000007a0000000, 0x00000007c0000000)
  region size 1024K, 153 young (156672K), 11 survivors (11264K)
 Metaspace       used 82420K, capacity 84926K, committed 85104K, reserved 1124352K
  class space    used 10140K, capacity 11194K, committed 11200K, reserved 1048576K
}
Event: 6.101 GC heap after
{Heap after GC invocations=19 (full 0):
 garbage-first heap   total 262144K, used 35854K [0x00000007a0000000, 0x00000007c0000000)
  region size 1024K, 12 young (12288K), 12 survivors (12288K)
 Metaspace       used 82420K, capacity 84926K, committed 85104K, reserved 1124352K
  class space    used 10140K, capacity 11194K, committed 11200K, reserved 1048576K
}
Event: 6.393 GC heap before
{Heap before GC invocations=19 (full 0):
 garbage-first heap   total 262144K, used 180238K [0x00000007a0000000, 0x00000007c0000000)
  region size 1024K, 153 young (156672K), 12 survivors (12288K)
 Metaspace       used 86900K, capacity 89424K, committed 89584K, reserved 1126400K
  class space    used 10709K, capacity 11798K, committed 11840K, reserved 1048576K
}
Event: 6.397 GC heap after
{Heap after GC invocations=20 (full 0):
 garbage-first heap   total 262144K, used 37793K [0x00000007a0000000, 0x00000007c0000000)
  region size 1024K, 13 young (13312K), 13 survivors (13312K)
 Metaspace       used 86900K, capacity 89424K, committed 89584K, reserved 1126400K
  class space    used 10709K, capacity 11798K, committed 11840K, reserved 1048576K
}
Event: 6.960 GC heap before
{Heap before GC invocations=20 (full 0):
 garbage-first heap   total 262144K, used 181153K [0x00000007a0000000, 0x00000007c0000000)
  region size 1024K, 153 young (156672K), 13 survivors (13312K)
 Metaspace       used 91586K, capacity 94127K, committed 94192K, reserved 1130496K
  class space    used 11241K, capacity 12344K, committed 12352K, reserved 1048576K
}
Event: 6.965 GC heap after
{Heap after GC invocations=21 (full 0):
 garbage-first heap   total 262144K, used 39269K [0x00000007a0000000, 0x00000007c0000000)
  region size 1024K, 11 young (11264K), 11 survivors (11264K)
 Metaspace       used 91586K, capacity 94127K, committed 94192K, reserved 1130496K
  class space    used 11241K, capacity 12344K, committed 12352K, reserved 1048576K
}
Event: 7.314 GC heap before
{Heap before GC invocations=21 (full 0):
 garbage-first heap   total 262144K, used 184677K [0x00000007a0000000, 0x00000007c0000000)
  region size 1024K, 153 young (156672K), 11 survivors (11264K)
 Metaspace       used 96435K, capacity 99273K, committed 99440K, reserved 1136640K
  class space    used 11797K, capacity 12989K, committed 12992K, reserved 1048576K
}
Event: 7.320 GC heap after
{Heap after GC invocations=22 (full 0):
 garbage-first heap   total 262144K, used 41317K [0x00000007a0000000, 0x00000007c0000000)
  region size 1024K, 13 young (13312K), 13 survivors (13312K)
 Metaspace       used 96435K, capacity 99273K, committed 99440K, reserved 1136640K
  class space    used 11797K, capacity 12989K, committed 12992K, reserved 1048576K
}
Event: 7.493 GC heap before
{Heap before GC invocations=22 (full 0):
 garbage-first heap   total 262144K, used 100709K [0x00000007a0000000, 0x00000007c0000000)
  region size 1024K, 72 young (73728K), 13 survivors (13312K)
 Metaspace       used 97403K, capacity 100199K, committed 100240K, reserved 1136640K
  class space    used 11895K, capacity 13119K, committed 13120K, reserved 1048576K
}
Event: 7.499 GC heap after
{Heap after GC invocations=23 (full 0):
 garbage-first heap   total 262144K, used 43182K [0x00000007a0000000, 0x00000007c0000000)
  region size 1024K, 12 young (12288K), 12 survivors (12288K)
 Metaspace       used 97403K, capacity 100199K, committed 100240K, reserved 1136640K
  class space    used 11895K, capacity 13119K, committed 13120K, reserved 1048576K
}
Event: 7.960 GC heap before
{Heap before GC invocations=24 (full 0):
 garbage-first heap   total 262144K, used 187566K [0x00000007a0000000, 0x00000007c0000000)
  region size 1024K, 153 young (156672K), 12 survivors (12288K)
 Metaspace       used 102189K, capacity 104822K, committed 105488K, reserved 1140736K
  class space    used 12360K, capacity 13440K, committed 13760K, reserved 1048576K
}
Event: 7.966 GC heap after
{Heap after GC invocations=25 (full 0):
 garbage-first heap   total 262144K, used 48807K [0x00000007a0000000, 0x00000007c0000000)
  region size 1024K, 16 young (16384K), 16 survivors (16384K)
 Metaspace       used 102189K, capacity 104822K, committed 105488K, reserved 1140736K
  class space    used 12360K, capacity 13440K, committed 13760K, reserved 1048576K
}
Event: 8.366 GC heap before
{Heap before GC invocations=25 (full 0):
 garbage-first heap   total 262144K, used 189095K [0x00000007a0000000, 0x00000007c0000000)
  region size 1024K, 153 young (156672K), 16 survivors (16384K)
 Metaspace       used 106391K, capacity 109254K, committed 109456K, reserved 1144832K
  class space    used 12884K, capacity 14025K, committed 14144K, reserved 1048576K
}
Event: 8.376 GC heap after
{Heap after GC invocations=26 (full 0):
 garbage-first heap   total 262144K, used 53284K [0x00000007a0000000, 0x00000007c0000000)
  region size 1024K, 15 young (15360K), 15 survivors (15360K)
 Metaspace       used 106391K, capacity 109254K, committed 109456K, reserved 1144832K
  class space    used 12884K, capacity 14025K, committed 14144K, reserved 1048576K
}
Event: 8.751 GC heap before
{Heap before GC invocations=26 (full 0):
 garbage-first heap   total 262144K, used 194596K [0x00000007a0000000, 0x00000007c0000000)
  region size 1024K, 153 young (156672K), 15 survivors (15360K)
 Metaspace       used 109769K, capacity 112756K, committed 113040K, reserved 1148928K
  class space    used 13286K, capacity 14533K, committed 14656K, reserved 1048576K
}
Event: 8.759 GC heap after
{Heap after GC invocations=27 (full 0):
 garbage-first heap   total 262144K, used 56988K [0x00000007a0000000, 0x00000007c0000000)
  region size 1024K, 14 young (14336K), 14 survivors (14336K)
 Metaspace       used 109769K, capacity 112756K, committed 113040K, reserved 1148928K
  class space    used 13286K, capacity 14533K, committed 14656K, reserved 1048576K
}
Event: 9.119 GC heap before
{Heap before GC invocations=27 (full 0):
 garbage-first heap   total 262144K, used 199324K [0x00000007a0000000, 0x00000007c0000000)
  region size 1024K, 153 young (156672K), 14 survivors (14336K)
 Metaspace       used 112207K, capacity 115341K, committed 115600K, reserved 1150976K
  class space    used 13601K, capacity 14885K, committed 14912K, reserved 1048576K
}
Event: 9.128 GC heap after
{Heap after GC invocations=28 (full 0):
 garbage-first heap   total 262144K, used 62663K [0x00000007a0000000, 0x00000007c0000000)
  region size 1024K, 14 young (14336K), 14 survivors (14336K)
 Metaspace       used 112207K, capacity 115341K, committed 115600K, reserved 1150976K
  class space    used 13601K, capacity 14885K, committed 14912K, reserved 1048576K
}

